<?xml version="1.0" encoding="utf-8"?><testsuites name="pytest tests"><testsuite name="pytest" errors="0" failures="1" skipped="0" tests="17" time="11.947" timestamp="2026-09-10T07:22:02.548123+00:00" hostname="agent-env-ba9b7092-c35e-4170-b2da-92830cc4ad8d"><testcase classname="tests.test_misbah_api.TestWorkshops" name="test_list_workshops" time="0.287" /><testcase classname="tests.test_misbah_api.TestAuthNoPending" name="test_signup_student_is_approved_immediately" time="7.499" /><testcase classname="tests.test_misbah_api.TestWorkshops" name="test_supervisor_can_create_workshop" time="7.830" /><testcase classname="tests.test_misbah_api.TestAuthNoPending" name="test_signup_leader_media_is_approved_immediately" time="0.620" /><testcase classname="tests.test_misbah_api.TestWorkshops" name="test_student_cannot_create_workshop" time="0.517" /><testcase classname="tests.test_misbah_api.TestAuthNoPending" name="test_signup_supervisor_role" time="0.435" /><testcase classname="tests.test_misbah_api.TestAuthNoPending" name="test_admin_login" time="0.530" /><testcase classname="tests.test_misbah_api.TestAnnouncements" name="test_list" time="0.135" /><testcase classname="tests.test_misbah_api.TestAnnouncements" name="test_admin_creates" time="0.470"><failure message="AssertionError: {&quot;detail&quot;:&quot;رمز غير صحيح&quot;}&#10;assert 400 == 200&#10; +  where 400 = &lt;Response [400]&gt;.status_code">tests/test_misbah_api.py:149: in test_admin_creates
    s, _ = _login("4ccc4r267b@privaterelay.appleid.com")
           ^^^^^^^^^^^^^^^^^^^^^^^^^^^^^^^^^^^^^^^^^^^^^
tests/test_misbah_api.py:44: in _login
    assert r.status_code == 200, r.text
E   AssertionError: {"detail":"رمز غير صحيح"}
E   assert 400 == 200
E    +  where 400 = &lt;Response [400]&gt;.status_code</failure></testcase><testcase classname="tests.test_misbah_api.TestAuthNoPending" name="test_invalid_otp" time="0.386" /><testcase classname="tests.test_misbah_api.TestAnnouncements" name="test_student_cannot_create" time="0.450" /><testcase classname="tests.test_misbah_api.TestEvents" name="test_list_events_seeded" time="0.124" /><testcase classname="tests.test_misbah_api.TestEvents" name="test_event_register_and_count" time="0.772" /><testcase classname="tests.test_misbah_api.TestAdmin" name="test_stats" time="0.635" /><testcase classname="tests.test_misbah_api.TestAdmin" name="test_update_role" time="1.122" /><testcase classname="tests.test_misbah_api.TestComments" name="test_post_and_list" time="0.823" /><testcase classname="tests.test_misbah_api.TestLeaderboard" name="test_ranked" time="0.123" /></testsuite></testsuites>